2025-01-23 00:02:56 - DEBUG - 脚本错误: 
2025-01-23 00:02:56 - DEBUG - Starting new HTTPS connection (1): discord.com:443
2025-01-23 00:02:57 - DEBUG - https://discord.com:443 "POST /api/webhooks/1324279316753678400/UE26VmbWp_aJkgYCtba_N43WsFsiqV7OQceg-oMByS4lTlk1qB20HB4i9jw2tRgkKhBs HTTP/11" 204 0
2025-01-23 00:02:57 - INFO - 127.0.0.1 - - [23/Jan/2025 00:02:57] "POST /redeem_giftcode HTTP/1.1" 200 -
2025-01-23 00:03:02 - INFO - 127.0.0.1 - - [23/Jan/2025 00:03:02] "GET / HTTP/1.1" 200 -
2025-01-23 00:06:55 - INFO - [31m[1mWARNING: This is a development server. Do not use it in a production deployment. Use a production WSGI server instead.[0m
 * Running on all addresses (0.0.0.0)
 * Running on http://127.0.0.1:5000
 * Running on http://10.228.37.59:5000
2025-01-23 00:06:55 - INFO - [33mPress CTRL+C to quit[0m
2025-01-23 00:07:03 - INFO - 127.0.0.1 - - [23/Jan/2025 00:07:03] "[31m[1mGET / HTTP/1.1[0m" 401 -
2025-01-23 00:07:05 - INFO - 127.0.0.1 - - [23/Jan/2025 00:07:05] "GET / HTTP/1.1" 200 -
2025-01-23 00:07:09 - INFO - 127.0.0.1 - - [23/Jan/2025 00:07:09] "[33mGET /favicon.ico HTTP/1.1[0m" 404 -
2025-01-23 00:07:32 - DEBUG - 脚本输出: Processing 79 players for code: 2025TPGSWC
Processing 1/79: 實沙緒                                                            
Processing 2/79: 小沙緒                                                            
Processing 3/79: 魚小 2                                                           
Processing 4/79: 咳咳                                                             
Processing 5/79: 咳咳2                                                            
Processing 6/79: 咳咳3                                                            
Processing 7/79: 小小魚                                                            
Processing 8/79: [NEW]小小小魚                                                      
Processing 9/79: 魚魚                                                             
Processing 10/79: 小淘氣                                                           
Processing 11/79: [CKK]ʚ繁星點點_CTK_HoShiɞ                                         
Processing 12/79: Nino                                                          
Processing 13/79: 貓貓Tap                                                         
Processing 14/79: [MVP]FoamCat                                                  
Processing 15/79: 時空貓                                                           
Processing 16/79: [mvp]時空喵                                                      
Processing 17/79: [No1]Cherish                                                  
Processing 18/79: [No1]Alicey                                                   
Processing 19/79: [DOG]Gotenks                                                  
Processing 20/79: [NIX]ᗩᗰᗷᘔOᑎE                                                  
Processing 21/79: [No1]PSY                                                      
Processing 22/79: [No1]想入菲菲                                                     
Processing 23/79: [No1]RURU                                                     
Processing 24/79: [DOG]Jax                                                      
Processing 25/79: [No1]Yuyu                                                     
Processing 26/79: [No1] nino                                                    
Processing 27/79: 9m88                                                          
Processing 28/79: [MVP]鱼 yuyu                                                   
Processing 29/79: xiaoyu1666                                                    
Processing 30/79: 朗囝ʕ·͡ᴥ፝֟·ʔ                                                    
Processing 31/79: Mochi 모찌 아이스크림                                                
Processing 32/79: Freedom                                                       
Processing 33/79: Guel                                                          
Processing 34/79: Fury of July                                                  
Processing 35/79: Winderen                                                      
Processing 36/79: Luke2015                                                      
Processing 37/79: 秋天一枝草                                                         
Processing 38/79: 最有性价比                                                         
Processing 39/79: Naikaa                                                        
Processing 40/79: FallenAngel                                                   
Processing 41/79: Benji                                                         
Processing 42/79: iamnotokay                                                    
Processing 43/79: Koala                                                         
Processing 44/79: Jewels                                                        
Processing 45/79: Slack                                                         
Processing 46/79: Little_Yu                                                     
Processing 47/79: Lord Patato                                                   
Processing 48/79: Dmytro                                                        
Processing 49/79: Redbulldozer                                                  
Processing 50/79: CTL༒                                                          
Processing 51/79: KumaKuma                                                      
Processing 52/79: zotch                                                         
Processing 53/79: Six                                                           
Processing 54/79: CheapH0                                                       
Processing 55/79: Commander Cassc                                               
Processing 56/79: Maximus                                                       
Processing 57/79: [No1]熊熊霸王熊_Bear Rex                                           
Processing 58/79: [No1]BA҉D҉BU҉N҉N҉Y×͜×                                         
Processing 59/79: [No1]熊熊小點心                                                    
Processing 60/79: [CKK]ʚ香奈兒_CTK_Chanelɞ                                         
Processing 61/79: [CKK]ʚ小惡魔_CTK_ɞ                                               
Processing 62/79: [PNG]꧁ᴹᴿ᭄༒SHADOW༒꧂                                            
Processing 63/79: alpk                                                          
Processing 64/79: [AgE]代理鱼                                                      
Processing 65/79: 小天使鱼                                                          
Processing 66/79: [PNG]鱼鱼鱼                                                      
Processing 67/79: 沙鱼壳                                                           
Processing 68/79: [PHX]Frigo                                                    
Processing 69/79: [EOS]RΛMXIΦN                                                  
Processing 70/79: [QAD]Athena                                                   
Processing 71/79: [EOS]BigusDickus                                              
Processing 72/79: [MVP]schdoel                                                  
Processing 73/79: [EOS]HelenaGK                                                 
Processing 74/79: [QAD]Lαԃყ ԃҽ Vҽҽɾ                                             
Processing 75/79: [QAD]MacPickle                                                
Processing 76/79: [MVP]뿌뿌잉                                                      
Processing 77/79: [PHX]portu                                                    
Processing 78/79: [MVP]Shih 史嘟筆                                                 
Processing 79/79: 1666 替身鱼                                                      
成功兑换 / Successfully claimed: 0
已兑换 / Already claimed: 79
错误 / Errors: 0

2025-01-23 00:07:32 - DEBUG - 脚本错误: 
2025-01-23 00:07:32 - DEBUG - Starting new HTTPS connection (1): discord.com:443
2025-01-23 00:07:33 - DEBUG - https://discord.com:443 "POST /api/webhooks/1324279316753678400/UE26VmbWp_aJkgYCtba_N43WsFsiqV7OQceg-oMByS4lTlk1qB20HB4i9jw2tRgkKhBs HTTP/11" 204 0
2025-01-23 00:07:33 - INFO - 127.0.0.1 - - [23/Jan/2025 00:07:33] "POST /redeem_giftcode HTTP/1.1" 200 -
2025-01-23 00:23:26 - INFO - [31m[1mWARNING: This is a development server. Do not use it in a production deployment. Use a production WSGI server instead.[0m
 * Running on all addresses (0.0.0.0)
 * Running on http://127.0.0.1:5000
 * Running on http://10.228.37.59:5000
2025-01-23 00:23:26 - INFO - [33mPress CTRL+C to quit[0m
2025-01-23 00:23:31 - INFO - 127.0.0.1 - - [23/Jan/2025 00:23:31] "[31m[1mGET / HTTP/1.1[0m" 401 -
2025-01-23 00:23:38 - INFO - 127.0.0.1 - - [23/Jan/2025 00:23:38] "GET / HTTP/1.1" 200 -
2025-01-23 00:23:40 - INFO - 127.0.0.1 - - [23/Jan/2025 00:23:40] "[33mGET /favicon.ico HTTP/1.1[0m" 404 -
2025-01-23 00:23:42 - INFO - 127.0.0.1 - - [23/Jan/2025 00:23:42] "[31m[1mPOST /redeem_giftcode HTTP/1.1[0m" 400 -
2025-01-23 00:23:56 - DEBUG - 脚本输出: Processing 79 players for code: 2025TPGSWC
Processing 1/79: 實沙緒                                                            
Processing 2/79: 小沙緒                                                            
Processing 3/79: 魚小 2                                                           
Processing 4/79: 咳咳                                                             
Processing 5/79: 咳咳2                                                            
Processing 6/79: 咳咳3                                                            
Processing 7/79: 小小魚                                                            
Processing 8/79: [NEW]小小小魚                                                      
Processing 9/79: 魚魚                                                             
Processing 10/79: 小淘氣                                                           
Processing 11/79: [CKK]ʚ繁星點點_CTK_HoShiɞ                                         
Processing 12/79: Nino                                                          
Processing 13/79: 貓貓Tap                                                         
Processing 14/79: [MVP]FoamCat                                                  
Processing 15/79: 時空貓                                                           
Processing 16/79: [mvp]時空喵                                                      
Processing 17/79: [No1]Cherish                                                  
Processing 18/79: [No1]Alicey                                                   
Processing 19/79: [DOG]Gotenks                                                  
Processing 20/79: [NIX]ᗩᗰᗷᘔOᑎE                                                  
Processing 21/79: [No1]PSY                                                      
Processing 22/79: [No1]想入菲菲                                                     
Processing 23/79: [No1]RURU                                                     
Processing 24/79: [DOG]Jax                                                      
Processing 25/79: [No1]Yuyu                                                     
Processing 26/79: [No1] nino                                                    
Processing 27/79: 9m88                                                          
Processing 28/79: [MVP]鱼 yuyu                                                   
Processing 29/79: xiaoyu1666                                                    
Processing 30/79: 朗囝ʕ·͡ᴥ፝֟·ʔ                                                    
Processing 31/79: Mochi 모찌 아이스크림                                                
Processing 32/79: Freedom                                                       
Processing 33/79: Guel                                                          
Processing 34/79: Fury of July                                                  
Processing 35/79: Winderen                                                      
Processing 36/79: Luke2015                                                      
Processing 37/79: 秋天一枝草                                                         
Processing 38/79: 最有性价比                                                         
Processing 39/79: Naikaa                                                        
Processing 40/79: FallenAngel                                                   
Processing 41/79: Benji                                                         
Processing 42/79: iamnotokay                                                    
Processing 43/79: Koala                                                         
Processing 44/79: Jewels                                                        
Processing 45/79: Slack                                                         
Processing 46/79: Little_Yu                                                     
Processing 47/79: Lord Patato                                                   
Processing 48/79: Dmytro                                                        
Processing 49/79: Redbulldozer                                                  
Processing 50/79: CTL༒                                                          
Processing 51/79: KumaKuma                                                      
Processing 52/79: zotch                                                         
Processing 53/79: Six                                                           
Processing 54/79: CheapH0                                                       
Processing 55/79: Commander Cassc                                               
Processing 56/79: Maximus                                                       
Processing 57/79: [No1]熊熊霸王熊_Bear Rex                                           
Processing 58/79: [No1]BA҉D҉BU҉N҉N҉Y×͜×                                         
Processing 59/79: [No1]熊熊小點心                                                    
Processing 60/79: [CKK]ʚ香奈兒_CTK_Chanelɞ                                         
Processing 61/79: [CKK]ʚ小惡魔_CTK_ɞ                                               
Processing 62/79: [PNG]꧁ᴹᴿ᭄༒SHADOW༒꧂                                            
Processing 63/79: alpk                                                          
Processing 64/79: [AgE]代理鱼                                                      
Processing 65/79: 小天使鱼                                                          
Processing 66/79: [PNG]鱼鱼鱼                                                      
Processing 67/79: 沙鱼壳                                                           
Processing 68/79: [PHX]Frigo                                                    
Processing 69/79: [EOS]RΛMXIΦN                                                  
Processing 70/79: [QAD]Athena                                                   
Processing 71/79: [EOS]BigusDickus                                              
Processing 72/79: [MVP]schdoel                                                  
Processing 73/79: [EOS]HelenaGK                                                 
Processing 74/79: [QAD]Lαԃყ ԃҽ Vҽҽɾ                                             
Processing 75/79: [QAD]MacPickle                                                
Processing 76/79: [MVP]뿌뿌잉                                                      
Processing 77/79: [PHX]portu                                                    
Processing 78/79: [MVP]Shih 史嘟筆                                                 
Processing 79/79: 1666 替身鱼                                                      
成功兑换 / Successfully claimed: 0
已兑换 / Already claimed: 79
错误 / Errors: 0

2025-01-23 00:23:56 - DEBUG - 脚本错误: 
2025-01-23 00:23:56 - DEBUG - Starting new HTTPS connection (1): discord.com:443
2025-01-23 00:23:57 - DEBUG - https://discord.com:443 "POST /api/webhooks/1324279316753678400/UE26VmbWp_aJkgYCtba_N43WsFsiqV7OQceg-oMByS4lTlk1qB20HB4i9jw2tRgkKhBs HTTP/11" 204 0
2025-01-23 00:23:57 - INFO - 127.0.0.1 - - [23/Jan/2025 00:23:57] "POST /redeem_giftcode HTTP/1.1" 200 -
2025-01-23 00:38:03 - INFO - [31m[1mWARNING: This is a development server. Do not use it in a production deployment. Use a production WSGI server instead.[0m
 * Running on all addresses (0.0.0.0)
 * Running on http://127.0.0.1:5000
 * Running on http://10.228.37.59:5000
2025-01-23 00:38:03 - INFO - [33mPress CTRL+C to quit[0m
2025-01-23 00:38:10 - INFO - 127.0.0.1 - - [23/Jan/2025 00:38:10] "GET / HTTP/1.1" 200 -
2025-01-23 00:38:13 - INFO - 127.0.0.1 - - [23/Jan/2025 00:38:13] "[31m[1mPOST /redeem_giftcode HTTP/1.1[0m" 400 -
2025-01-23 00:38:25 - DEBUG - 脚本输出: Processing 79 players for code: 2025TPGSWC
Processing 1/79: 實沙緒                                                            
Processing 2/79: 小沙緒                                                            
Processing 3/79: 魚小 2                                                           
Processing 4/79: 咳咳                                                             
Processing 5/79: 咳咳2                                                            
Processing 6/79: 咳咳3                                                            
Processing 7/79: 小小魚                                                            
Processing 8/79: [NEW]小小小魚                                                      
Processing 9/79: 魚魚                                                             
Processing 10/79: 小淘氣                                                           
Processing 11/79: [CKK]ʚ繁星點點_CTK_HoShiɞ                                         
Processing 12/79: Nino                                                          
Processing 13/79: 貓貓Tap                                                         
Processing 14/79: [MVP]FoamCat                                                  
Processing 15/79: 時空貓                                                           
Processing 16/79: [mvp]時空喵                                                      
Processing 17/79: [No1]Cherish                                                  
Processing 18/79: [No1]Alicey                                                   
Processing 19/79: [DOG]Gotenks                                                  
Processing 20/79: [NIX]ᗩᗰᗷᘔOᑎE                                                  
Processing 21/79: [No1]PSY                                                      
Processing 22/79: [No1]想入菲菲                                                     
Processing 23/79: [No1]RURU                                                     
Processing 24/79: [DOG]Jax                                                      
Processing 25/79: [No1]Yuyu                                                     
Processing 26/79: [No1] nino                                                    
Processing 27/79: 9m88                                                          
Processing 28/79: [MVP]鱼 yuyu                                                   
Processing 29/79: xiaoyu1666                                                    
Processing 30/79: 朗囝ʕ·͡ᴥ፝֟·ʔ                                                    
Processing 31/79: Mochi 모찌 아이스크림                                                
Processing 32/79: Freedom                                                       
Processing 33/79: Guel                                                          
Processing 34/79: Fury of July                                                  
Processing 35/79: Winderen                                                      
Processing 36/79: Luke2015                                                      
Processing 37/79: 秋天一枝草                                                         
Processing 38/79: 最有性价比                                                         
Processing 39/79: Naikaa                                                        
Processing 40/79: FallenAngel                                                   
Processing 41/79: Benji                                                         
Processing 42/79: iamnotokay                                                    
Processing 43/79: Koala                                                         
Processing 44/79: Jewels                                                        
Processing 45/79: Slack                                                         
Processing 46/79: Little_Yu                                                     
Processing 47/79: Lord Patato                                                   
Processing 48/79: Dmytro                                                        
Processing 49/79: Redbulldozer                                                  
Processing 50/79: CTL༒                                                          
Processing 51/79: KumaKuma                                                      
Processing 52/79: zotch                                                         
Processing 53/79: Six                                                           
Processing 54/79: CheapH0                                                       
Processing 55/79: Commander Cassc                                               
Processing 56/79: Maximus                                                       
Processing 57/79: [No1]熊熊霸王熊_Bear Rex                                           
Processing 58/79: [No1]BA҉D҉BU҉N҉N҉Y×͜×                                         
Processing 59/79: [No1]熊熊小點心                                                    
Processing 60/79: [CKK]ʚ香奈兒_CTK_Chanelɞ                                         
Processing 61/79: [CKK]ʚ小惡魔_CTK_ɞ                                               
Processing 62/79: [PNG]꧁ᴹᴿ᭄༒SHADOW༒꧂                                            
Processing 63/79: alpk                                                          
Processing 64/79: [AgE]代理鱼                                                      
Processing 65/79: 小天使鱼                                                          
Processing 66/79: [PNG]鱼鱼鱼                                                      
Processing 67/79: 沙鱼壳                                                           
Processing 68/79: [PHX]Frigo                                                    
Processing 69/79: [EOS]RΛMXIΦN                                                  
Processing 70/79: [QAD]Athena                                                   
Processing 71/79: [EOS]BigusDickus                                              
Processing 72/79: [MVP]schdoel                                                  
Processing 73/79: [EOS]HelenaGK                                                 
Processing 74/79: [QAD]Lαԃყ ԃҽ Vҽҽɾ                                             
Processing 75/79: [QAD]MacPickle                                                
Processing 76/79: [MVP]뿌뿌잉                                                      
Processing 77/79: [PHX]portu                                                    
Processing 78/79: [MVP]Shih 史嘟筆                                                 
Processing 79/79: 1666 替身鱼                                                      
成功兑换 / Successfully claimed: 0
已兑换 / Already claimed: 79
错误 / Errors: 0

2025-01-23 00:38:25 - DEBUG - 脚本错误: 
2025-01-23 00:38:25 - DEBUG - Starting new HTTPS connection (1): discord.com:443
2025-01-23 00:38:27 - DEBUG - https://discord.com:443 "POST /api/webhooks/1324279316753678400/UE26VmbWp_aJkgYCtba_N43WsFsiqV7OQceg-oMByS4lTlk1qB20HB4i9jw2tRgkKhBs HTTP/11" 204 0
2025-01-23 00:38:27 - INFO - 127.0.0.1 - - [23/Jan/2025 00:38:27] "POST /redeem_giftcode HTTP/1.1" 200 -
2025-01-23 00:39:40 - INFO - [31m[1mWARNING: This is a development server. Do not use it in a production deployment. Use a production WSGI server instead.[0m
 * Running on all addresses (0.0.0.0)
 * Running on http://127.0.0.1:5000
 * Running on http://10.228.37.59:5000
2025-01-23 00:39:40 - INFO - [33mPress CTRL+C to quit[0m
2025-01-23 00:39:42 - INFO - 127.0.0.1 - - [23/Jan/2025 00:39:42] "GET / HTTP/1.1" 200 -
2025-01-23 00:39:48 - DEBUG - 脚本输出: Processing 79 players for code: 2025TPGSWC
Processing 1/79: 實沙緒                                                            
Processing 2/79: 小沙緒                                                            
Processing 3/79: 魚小 2                                                           
Processing 4/79: 咳咳                                                             
Processing 5/79: 咳咳2                                                            
Processing 6/79: 咳咳3                                                            
Processing 7/79: 小小魚                                                            
Processing 8/79: [NEW]小小小魚                                                      
Processing 9/79: 魚魚                                                             
Processing 10/79: 小淘氣                                                           
Processing 11/79: [CKK]ʚ繁星點點_CTK_HoShiɞ                                         
Processing 12/79: Nino                                                          
Processing 13/79: 貓貓Tap                                                         
Processing 14/79: [MVP]FoamCat                                                  
Processing 15/79: 時空貓                                                           
Processing 16/79: [mvp]時空喵                                                      
Processing 17/79: [No1]Cherish                                                  
Processing 18/79: [No1]Alicey                                                   
Processing 19/79: [DOG]Gotenks                                                  
Processing 20/79: [NIX]ᗩᗰᗷᘔOᑎE                                                  
Processing 21/79: [No1]PSY                                                      
Processing 22/79: [No1]想入菲菲                                                     
Processing 23/79: [No1]RURU                                                     
Processing 24/79: [DOG]Jax                                                      
Processing 25/79: [No1]Yuyu                                                     
Processing 26/79: [No1] nino                                                    
Processing 27/79: 9m88                                                          
Processing 28/79: [MVP]鱼 yuyu                                                   
Processing 29/79: xiaoyu1666                                                    
Processing 30/79: 朗囝ʕ·͡ᴥ፝֟·ʔ                                                    
Processing 31/79: Mochi 모찌 아이스크림                                                
Processing 32/79: Freedom                                                       
Processing 33/79: Guel                                                          
Processing 34/79: Fury of July                                                  
Processing 35/79: Winderen                                                      
Processing 36/79: Luke2015                                                      
Processing 37/79: 秋天一枝草                                                         
Processing 38/79: 最有性价比                                                         
Processing 39/79: Naikaa                                                        
Processing 40/79: FallenAngel                                                   
Processing 41/79: Benji                                                         
Processing 42/79: iamnotokay                                                    
Processing 43/79: Koala                                                         
Processing 44/79: Jewels                                                        
Processing 45/79: Slack                                                         
Processing 46/79: Little_Yu                                                     
Processing 47/79: Lord Patato                                                   
Processing 48/79: Dmytro                                                        
Processing 49/79: Redbulldozer                                                  
Processing 50/79: CTL༒                                                          
Processing 51/79: KumaKuma                                                      
Processing 52/79: zotch                                                         
Processing 53/79: Six                                                           
Processing 54/79: CheapH0                                                       
Processing 55/79: Commander Cassc                                               
Processing 56/79: Maximus                                                       
Processing 57/79: [No1]熊熊霸王熊_Bear Rex                                           
Processing 58/79: [No1]BA҉D҉BU҉N҉N҉Y×͜×                                         
Processing 59/79: [No1]熊熊小點心                                                    
Processing 60/79: [CKK]ʚ香奈兒_CTK_Chanelɞ                                         
Processing 61/79: [CKK]ʚ小惡魔_CTK_ɞ                                               
Processing 62/79: [PNG]꧁ᴹᴿ᭄༒SHADOW༒꧂                                            
Processing 63/79: alpk                                                          
Processing 64/79: [AgE]代理鱼                                                      
Processing 65/79: 小天使鱼                                                          
Processing 66/79: [PNG]鱼鱼鱼                                                      
Processing 67/79: 沙鱼壳                                                           
Processing 68/79: [PHX]Frigo                                                    
Processing 69/79: [EOS]RΛMXIΦN                                                  
Processing 70/79: [QAD]Athena                                                   
Processing 71/79: [EOS]BigusDickus                                              
Processing 72/79: [MVP]schdoel                                                  
Processing 73/79: [EOS]HelenaGK                                                 
Processing 74/79: [QAD]Lαԃყ ԃҽ Vҽҽɾ                                             
Processing 75/79: [QAD]MacPickle                                                
Processing 76/79: [MVP]뿌뿌잉                                                      
Processing 77/79: [PHX]portu                                                    
Processing 78/79: [MVP]Shih 史嘟筆                                                 
Processing 79/79: 1666 替身鱼                                                      
成功兑换 / Successfully claimed: 0
已兑换 / Already claimed: 79
错误 / Errors: 0

2025-01-23 00:39:48 - DEBUG - 脚本错误: 
2025-01-23 00:39:48 - DEBUG - Starting new HTTPS connection (1): discord.com:443
2025-01-23 00:39:49 - DEBUG - https://discord.com:443 "POST /api/webhooks/1324279316753678400/UE26VmbWp_aJkgYCtba_N43WsFsiqV7OQceg-oMByS4lTlk1qB20HB4i9jw2tRgkKhBs HTTP/11" 204 0
2025-01-23 00:39:49 - INFO - 127.0.0.1 - - [23/Jan/2025 00:39:49] "POST /redeem_giftcode HTTP/1.1" 200 -
2025-01-23 00:44:54 - INFO - 127.0.0.1 - - [23/Jan/2025 00:44:54] "GET / HTTP/1.1" 200 -
2025-01-23 00:45:05 - INFO - [31m[1mWARNING: This is a development server. Do not use it in a production deployment. Use a production WSGI server instead.[0m
 * Running on all addresses (0.0.0.0)
 * Running on http://127.0.0.1:5000
 * Running on http://10.228.37.59:5000
2025-01-23 00:45:05 - INFO - [33mPress CTRL+C to quit[0m
2025-01-23 00:45:07 - INFO - 127.0.0.1 - - [23/Jan/2025 00:45:07] "GET / HTTP/1.1" 200 -
2025-01-23 00:46:08 - INFO - [31m[1mWARNING: This is a development server. Do not use it in a production deployment. Use a production WSGI server instead.[0m
 * Running on all addresses (0.0.0.0)
 * Running on http://127.0.0.1:5000
 * Running on http://10.228.37.59:5000
2025-01-23 00:46:08 - INFO - [33mPress CTRL+C to quit[0m
2025-01-23 00:46:11 - INFO - 127.0.0.1 - - [23/Jan/2025 00:46:11] "GET / HTTP/1.1" 200 -
2025-01-23 00:46:21 - DEBUG - 脚本输出: Processing 79 players for code: 2025TPGSWC
Processing 1/79: 實沙緒                                                            
Processing 2/79: 小沙緒                                                            
Processing 3/79: 魚小 2                                                           
Processing 4/79: 咳咳                                                             
Processing 5/79: 咳咳2                                                            
Processing 6/79: 咳咳3                                                            
Processing 7/79: 小小魚                                                            
Processing 8/79: [NEW]小小小魚                                                      
Processing 9/79: 魚魚                                                             
Processing 10/79: 小淘氣                                                           
Processing 11/79: [CKK]ʚ繁星點點_CTK_HoShiɞ                                         
Processing 12/79: Nino                                                          
Processing 13/79: 貓貓Tap                                                         
Processing 14/79: [MVP]FoamCat                                                  
Processing 15/79: 時空貓                                                           
Processing 16/79: [mvp]時空喵                                                      
Processing 17/79: [No1]Cherish                                                  
Processing 18/79: [No1]Alicey                                                   
Processing 19/79: [DOG]Gotenks                                                  
Processing 20/79: [NIX]ᗩᗰᗷᘔOᑎE                                                  
Processing 21/79: [No1]PSY                                                      
Processing 22/79: [No1]想入菲菲                                                     
Processing 23/79: [No1]RURU                                                     
Processing 24/79: [DOG]Jax                                                      
Processing 25/79: [No1]Yuyu                                                     
Processing 26/79: [No1] nino                                                    
Processing 27/79: 9m88                                                          
Processing 28/79: [MVP]鱼 yuyu                                                   
Processing 29/79: xiaoyu1666                                                    
Processing 30/79: 朗囝ʕ·͡ᴥ፝֟·ʔ                                                    
Processing 31/79: Mochi 모찌 아이스크림                                                
Processing 32/79: Freedom                                                       
Processing 33/79: Guel                                                          
Processing 34/79: Fury of July                                                  
Processing 35/79: Winderen                                                      
Processing 36/79: Luke2015                                                      
Processing 37/79: 秋天一枝草                                                         
Processing 38/79: 最有性价比                                                         
Processing 39/79: Naikaa                                                        
Processing 40/79: FallenAngel                                                   
Processing 41/79: Benji                                                         
Processing 42/79: iamnotokay                                                    
Processing 43/79: Koala                                                         
Processing 44/79: Jewels                                                        
Processing 45/79: Slack                                                         
Processing 46/79: Little_Yu                                                     
Processing 47/79: Lord Patato                                                   
Processing 48/79: Dmytro                                                        
Processing 49/79: Redbulldozer                                                  
Processing 50/79: CTL༒                                                          
Processing 51/79: KumaKuma                                                      
Processing 52/79: zotch                                                         
Processing 53/79: Six                                                           
Processing 54/79: CheapH0                                                       
Processing 55/79: Commander Cassc                                               
Processing 56/79: Maximus                                                       
Processing 57/79: [No1]熊熊霸王熊_Bear Rex                                           
Processing 58/79: [No1]BA҉D҉BU҉N҉N҉Y×͜×                                         
Processing 59/79: [No1]熊熊小點心                                                    
Processing 60/79: [CKK]ʚ香奈兒_CTK_Chanelɞ                                         
Processing 61/79: [CKK]ʚ小惡魔_CTK_ɞ                                               
Processing 62/79: [PNG]꧁ᴹᴿ᭄༒SHADOW༒꧂                                            
Processing 63/79: alpk                                                          
Processing 64/79: [AgE]代理鱼                                                      
Processing 65/79: 小天使鱼                                                          
Processing 66/79: [PNG]鱼鱼鱼                                                      
Processing 67/79: 沙鱼壳                                                           
Processing 68/79: [PHX]Frigo                                                    
Processing 69/79: [EOS]RΛMXIΦN                                                  
Processing 70/79: [QAD]Athena                                                   
Processing 71/79: [EOS]BigusDickus                                              
Processing 72/79: [MVP]schdoel                                                  
Processing 73/79: [EOS]HelenaGK                                                 
Processing 74/79: [QAD]Lαԃყ ԃҽ Vҽҽɾ                                             
Processing 75/79: [QAD]MacPickle                                                
Processing 76/79: [MVP]뿌뿌잉                                                      
Processing 77/79: [PHX]portu                                                    
Processing 78/79: [MVP]Shih 史嘟筆                                                 
Processing 79/79: 1666 替身鱼                                                      
成功兑换 / Successfully claimed: 0
已兑换 / Already claimed: 79
错误 / Errors: 0

2025-01-23 00:46:21 - DEBUG - 脚本错误: 
2025-01-23 00:46:21 - DEBUG - Starting new HTTPS connection (1): discord.com:443
2025-01-23 00:46:23 - DEBUG - https://discord.com:443 "POST /api/webhooks/1324279316753678400/UE26VmbWp_aJkgYCtba_N43WsFsiqV7OQceg-oMByS4lTlk1qB20HB4i9jw2tRgkKhBs HTTP/11" 204 0
2025-01-23 00:46:23 - INFO - 127.0.0.1 - - [23/Jan/2025 00:46:23] "POST /redeem_giftcode HTTP/1.1" 200 -
2025-01-23 00:49:25 - INFO - [31m[1mWARNING: This is a development server. Do not use it in a production deployment. Use a production WSGI server instead.[0m
 * Running on all addresses (0.0.0.0)
 * Running on http://127.0.0.1:5000
 * Running on http://10.228.37.59:5000
2025-01-23 00:49:25 - INFO - [33mPress CTRL+C to quit[0m
2025-01-23 00:49:28 - INFO - 127.0.0.1 - - [23/Jan/2025 00:49:28] "GET / HTTP/1.1" 200 -
2025-01-23 00:53:01 - INFO - 127.0.0.1 - - [23/Jan/2025 00:53:01] "GET / HTTP/1.1" 200 -
2025-01-23 00:53:17 - INFO - 127.0.0.1 - - [23/Jan/2025 00:53:17] "GET / HTTP/1.1" 200 -
2025-01-23 00:53:19 - INFO - 127.0.0.1 - - [23/Jan/2025 00:53:19] "GET / HTTP/1.1" 200 -
2025-01-23 00:53:20 - INFO - 127.0.0.1 - - [23/Jan/2025 00:53:20] "GET / HTTP/1.1" 200 -
2025-01-23 00:53:21 - INFO - 127.0.0.1 - - [23/Jan/2025 00:53:21] "GET / HTTP/1.1" 200 -
2025-01-23 02:31:01 - INFO - 127.0.0.1 - - [23/Jan/2025 02:31:01] "GET / HTTP/1.1" 200 -
2025-01-23 02:31:24 - INFO - 127.0.0.1 - - [23/Jan/2025 02:31:24] "[31m[1mPOST /redeem_giftcode HTTP/1.1[0m" 400 -
2025-01-23 02:31:32 - DEBUG - 脚本输出: Processing 79 players for code: ggg
Processing 1/79: 實沙緒                                                            
Fatal error: CDK NOT FOUND.

2025-01-23 02:31:32 - DEBUG - 脚本错误: 
2025-01-23 02:31:32 - DEBUG - Starting new HTTPS connection (1): discord.com:443
2025-01-23 02:31:33 - DEBUG - https://discord.com:443 "POST /api/webhooks/1324279316753678400/UE26VmbWp_aJkgYCtba_N43WsFsiqV7OQceg-oMByS4lTlk1qB20HB4i9jw2tRgkKhBs HTTP/11" 204 0
2025-01-23 02:31:33 - INFO - 127.0.0.1 - - [23/Jan/2025 02:31:33] "POST /redeem_giftcode HTTP/1.1" 200 -
2025-01-23 06:50:51 - INFO - 127.0.0.1 - - [23/Jan/2025 06:50:51] "[31m[1mGET / HTTP/1.1[0m" 401 -
2025-01-23 06:50:57 - INFO - 127.0.0.1 - - [23/Jan/2025 06:50:57] "GET / HTTP/1.1" 200 -
2025-01-23 06:50:59 - INFO - 127.0.0.1 - - [23/Jan/2025 06:50:59] "[33mGET /favicon.ico HTTP/1.1[0m" 404 -
2025-01-23 06:53:01 - INFO - [31m[1mWARNING: This is a development server. Do not use it in a production deployment. Use a production WSGI server instead.[0m
 * Running on all addresses (0.0.0.0)
 * Running on http://127.0.0.1:5000
 * Running on http://10.228.37.59:5000
2025-01-23 06:53:01 - INFO - [33mPress CTRL+C to quit[0m
2025-01-23 06:53:05 - INFO - 127.0.0.1 - - [23/Jan/2025 06:53:05] "GET / HTTP/1.1" 200 -
2025-01-23 06:53:07 - INFO - 127.0.0.1 - - [23/Jan/2025 06:53:07] "GET / HTTP/1.1" 200 -